Flow report for Entrega_2_FPGA_NIOS
Tue Sep 15 16:47:06 2020
Quartus Prime Version 18.1.0 Build 625 09/12/2018 SJ Standard Edition


---------------------
; Table of Contents ;
---------------------
  1. Legal Notice
  2. Flow Summary
  3. Flow Settings
  4. Flow Non-Default Global Settings
  5. Flow Elapsed Time
  6. Flow OS Summary
  7. Flow Log
  8. Flow Messages
  9. Flow Suppressed Messages



----------------
; Legal Notice ;
----------------
Copyright (C) 2018  Intel Corporation. All rights reserved.
Your use of Intel Corporation's design tools, logic functions 
and other software and tools, and its AMPP partner logic 
functions, and any output files from any of the foregoing 
(including device programming or simulation files), and any 
associated documentation or information are expressly subject 
to the terms and conditions of the Intel Program License 
Subscription Agreement, the Intel Quartus Prime License Agreement,
the Intel FPGA IP License Agreement, or other applicable license
agreement, including, without limitation, that your use is for
the sole purpose of programming logic devices manufactured by
Intel and sold by Intel or its authorized distributors.  Please
refer to the applicable agreement for further details.



+-----------------------------------------------------------------------------------+
; Flow Summary                                                                      ;
+---------------------------------+-------------------------------------------------+
; Flow Status                     ; Successful - Tue Sep 15 16:47:06 2020           ;
; Quartus Prime Version           ; 18.1.0 Build 625 09/12/2018 SJ Standard Edition ;
; Revision Name                   ; Entrega_2_FPGA_NIOS                             ;
; Top-level Entity Name           ; processador_motor                               ;
; Family                          ; Cyclone V                                       ;
; Device                          ; 5CSXFC6D6F31C6                                  ;
; Timing Models                   ; Final                                           ;
; Logic utilization (in ALMs)     ; 795 / 41,910 ( 2 % )                            ;
; Total registers                 ; 979                                             ;
; Total pins                      ; 9 / 499 ( 2 % )                                 ;
; Total virtual pins              ; 0                                               ;
; Total block memory bits         ; 2,108,416 / 5,662,720 ( 37 % )                  ;
; Total DSP Blocks                ; 0 / 112 ( 0 % )                                 ;
; Total HSSI RX PCSs              ; 0 / 9 ( 0 % )                                   ;
; Total HSSI PMA RX Deserializers ; 0 / 9 ( 0 % )                                   ;
; Total HSSI TX PCSs              ; 0 / 9 ( 0 % )                                   ;
; Total HSSI PMA TX Serializers   ; 0 / 9 ( 0 % )                                   ;
; Total PLLs                      ; 0 / 15 ( 0 % )                                  ;
; Total DLLs                      ; 0 / 4 ( 0 % )                                   ;
+---------------------------------+-------------------------------------------------+


+-----------------------------------------+
; Flow Settings                           ;
+-------------------+---------------------+
; Option            ; Setting             ;
+-------------------+---------------------+
; Start date & time ; 09/15/2020 16:40:40 ;
; Main task         ; Compilation         ;
; Revision Name     ; Entrega_2_FPGA_NIOS ;
+-------------------+---------------------+


+-----------------------------------------------------------------------------------------------------------------------------------------+
; Flow Non-Default Global Settings                                                                                                        ;
+-------------------------------------+----------------------------------------+---------------------+-------------------+----------------+
; Assignment Name                     ; Value                                  ; Default Value       ; Entity Name       ; Section Id     ;
+-------------------------------------+----------------------------------------+---------------------+-------------------+----------------+
; COMPILER_SIGNATURE_ID               ; 163580567959687.160019884005936        ; --                  ; --                ; --             ;
; EDA_OUTPUT_DATA_FORMAT              ; Verilog Hdl                            ; --                  ; --                ; eda_simulation ;
; EDA_SIMULATION_TOOL                 ; ModelSim-Altera (Verilog)              ; <None>              ; --                ; --             ;
; EDA_TIME_SCALE                      ; 1 ps                                   ; --                  ; --                ; eda_simulation ;
; MAX_CORE_JUNCTION_TEMP              ; 85                                     ; --                  ; --                ; --             ;
; MIN_CORE_JUNCTION_TEMP              ; 0                                      ; --                  ; --                ; --             ;
; PARTITION_COLOR                     ; -- (Not supported for targeted family) ; --                  ; processador_motor ; Top            ;
; PARTITION_FITTER_PRESERVATION_LEVEL ; -- (Not supported for targeted family) ; --                  ; processador_motor ; Top            ;
; PARTITION_NETLIST_TYPE              ; -- (Not supported for targeted family) ; --                  ; processador_motor ; Top            ;
; POWER_BOARD_THERMAL_MODEL           ; None (CONSERVATIVE)                    ; --                  ; --                ; --             ;
; POWER_PRESET_COOLING_SOLUTION       ; 23 MM HEAT SINK WITH 200 LFPM AIRFLOW  ; --                  ; --                ; --             ;
; PROJECT_OUTPUT_DIRECTORY            ; output_files                           ; --                  ; --                ; --             ;
; TOP_LEVEL_ENTITY                    ; processador_motor                      ; Entrega_2_FPGA_NIOS ; --                ; --             ;
+-------------------------------------+----------------------------------------+---------------------+-------------------+----------------+


+--------------------------------------------------------------------------------------------------------------------------+
; Flow Elapsed Time                                                                                                        ;
+----------------------+--------------+-------------------------+---------------------+------------------------------------+
; Module Name          ; Elapsed Time ; Average Processors Used ; Peak Virtual Memory ; Total CPU Time (on all processors) ;
+----------------------+--------------+-------------------------+---------------------+------------------------------------+
; Analysis & Synthesis ; 00:01:54     ; 1.0                     ; 1188 MB             ; 00:01:36                           ;
; Fitter               ; 00:02:14     ; 1.1                     ; 2590 MB             ; 00:02:18                           ;
; Assembler            ; 00:01:23     ; 1.0                     ; 1023 MB             ; 00:00:09                           ;
; Timing Analyzer      ; 00:00:47     ; 2.1                     ; 1290 MB             ; 00:00:19                           ;
; EDA Netlist Writer   ; 00:00:40     ; 1.0                     ; 1203 MB             ; 00:00:03                           ;
; Total                ; 00:06:58     ; --                      ; --                  ; 00:04:25                           ;
+----------------------+--------------+-------------------------+---------------------+------------------------------------+


+--------------------------------------------------------------------------------------------+
; Flow OS Summary                                                                            ;
+----------------------+----------------------+----------------+------------+----------------+
; Module Name          ; Machine Hostname     ; OS Name        ; OS Version ; Processor type ;
+----------------------+----------------------+----------------+------------+----------------+
; Analysis & Synthesis ; labarqcomp-NUC8i5BEK ; Ubuntu 18.04.5 ; 18         ; x86_64         ;
; Fitter               ; labarqcomp-NUC8i5BEK ; Ubuntu 18.04.5 ; 18         ; x86_64         ;
; Assembler            ; labarqcomp-NUC8i5BEK ; Ubuntu 18.04.5 ; 18         ; x86_64         ;
; Timing Analyzer      ; labarqcomp-NUC8i5BEK ; Ubuntu 18.04.5 ; 18         ; x86_64         ;
; EDA Netlist Writer   ; labarqcomp-NUC8i5BEK ; Ubuntu 18.04.5 ; 18         ; x86_64         ;
+----------------------+----------------------+----------------+------------+----------------+


------------
; Flow Log ;
------------
quartus_map --read_settings_files=on --write_settings_files=off Entrega_2_FPGA_NIOS -c Entrega_2_FPGA_NIOS
quartus_fit --read_settings_files=off --write_settings_files=off Entrega_2_FPGA_NIOS -c Entrega_2_FPGA_NIOS
quartus_asm --read_settings_files=off --write_settings_files=off Entrega_2_FPGA_NIOS -c Entrega_2_FPGA_NIOS
quartus_sta Entrega_2_FPGA_NIOS -c Entrega_2_FPGA_NIOS
quartus_eda --read_settings_files=off --write_settings_files=off Entrega_2_FPGA_NIOS -c Entrega_2_FPGA_NIOS



