Assembler report for Entrega2_FPGA_NIOS
Wed Sep 30 10:58:18 2020
Quartus Prime Version 18.1.0 Build 625 09/12/2018 SJ Standard Edition


---------------------
; Table of Contents ;
---------------------
  1. Legal Notice
  2. Assembler Summary
  3. Assembler Settings
  4. Assembler Generated Files
  5. Assembler Device Options: Entrega2_FPGA_NIOS.sof
  6. Assembler Messages



----------------
; Legal Notice ;
----------------
Copyright (C) 2018  Intel Corporation. All rights reserved.
Your use of Intel Corporation's design tools, logic functions 
and other software and tools, and its AMPP partner logic 
functions, and any output files from any of the foregoing 
(including device programming or simulation files), and any 
associated documentation or information are expressly subject 
to the terms and conditions of the Intel Program License 
Subscription Agreement, the Intel Quartus Prime License Agreement,
the Intel FPGA IP License Agreement, or other applicable license
agreement, including, without limitation, that your use is for
the sole purpose of programming logic devices manufactured by
Intel and sold by Intel or its authorized distributors.  Please
refer to the applicable agreement for further details.



+---------------------------------------------------------------+
; Assembler Summary                                             ;
+-----------------------+---------------------------------------+
; Assembler Status      ; Successful - Wed Sep 30 10:58:18 2020 ;
; Revision Name         ; Entrega2_FPGA_NIOS                    ;
; Top-level Entity Name ; Entrega2_FPGA_NIOS                    ;
; Family                ; Cyclone V                             ;
; Device                ; 5CSXFC6D6F31C6                        ;
+-----------------------+---------------------------------------+


+----------------------------------+
; Assembler Settings               ;
+--------+---------+---------------+
; Option ; Setting ; Default Value ;
+--------+---------+---------------+


+-------------------------------------------------------------------------+
; Assembler Generated Files                                               ;
+-------------------------------------------------------------------------+
; File Name                                                               ;
+-------------------------------------------------------------------------+
; /home/labarqcomp/Entrega2_FPGA_NIOS/output_files/Entrega2_FPGA_NIOS.sof ;
+-------------------------------------------------------------------------+


+--------------------------------------------------+
; Assembler Device Options: Entrega2_FPGA_NIOS.sof ;
+----------------+---------------------------------+
; Option         ; Setting                         ;
+----------------+---------------------------------+
; JTAG usercode  ; 0x00B0D041                      ;
; Checksum       ; 0x00B0D041                      ;
+----------------+---------------------------------+


+--------------------+
; Assembler Messages ;
+--------------------+
Info: *******************************************************************
Info: Running Quartus Prime Assembler
    Info: Version 18.1.0 Build 625 09/12/2018 SJ Standard Edition
    Info: Processing started: Wed Sep 30 10:57:00 2020
Info: Command: quartus_asm --read_settings_files=off --write_settings_files=off Entrega2_FPGA_NIOS -c Entrega2_FPGA_NIOS
Info (115030): Assembler is generating device programming files
Info: Quartus Prime Assembler was successful. 0 errors, 0 warnings
    Info: Peak virtual memory: 967 megabytes
    Info: Processing ended: Wed Sep 30 10:58:18 2020
    Info: Elapsed time: 00:01:18
    Info: Total CPU time (on all processors): 00:00:05


