Flow report for Entrega2_FPGA_NIOS
Wed Sep 30 10:59:39 2020
Quartus Prime Version 18.1.0 Build 625 09/12/2018 SJ Standard Edition


---------------------
; Table of Contents ;
---------------------
  1. Legal Notice
  2. Flow Summary
  3. Flow Settings
  4. Flow Non-Default Global Settings
  5. Flow Elapsed Time
  6. Flow OS Summary
  7. Flow Log
  8. Flow Messages
  9. Flow Suppressed Messages



----------------
; Legal Notice ;
----------------
Copyright (C) 2018  Intel Corporation. All rights reserved.
Your use of Intel Corporation's design tools, logic functions 
and other software and tools, and its AMPP partner logic 
functions, and any output files from any of the foregoing 
(including device programming or simulation files), and any 
associated documentation or information are expressly subject 
to the terms and conditions of the Intel Program License 
Subscription Agreement, the Intel Quartus Prime License Agreement,
the Intel FPGA IP License Agreement, or other applicable license
agreement, including, without limitation, that your use is for
the sole purpose of programming logic devices manufactured by
Intel and sold by Intel or its authorized distributors.  Please
refer to the applicable agreement for further details.



+-----------------------------------------------------------------------------------+
; Flow Summary                                                                      ;
+---------------------------------+-------------------------------------------------+
; Flow Status                     ; Successful - Wed Sep 30 10:59:39 2020           ;
; Quartus Prime Version           ; 18.1.0 Build 625 09/12/2018 SJ Standard Edition ;
; Revision Name                   ; Entrega2_FPGA_NIOS                              ;
; Top-level Entity Name           ; Entrega2_FPGA_NIOS                              ;
; Family                          ; Cyclone V                                       ;
; Device                          ; 5CSXFC6D6F31C6                                  ;
; Timing Models                   ; Final                                           ;
; Logic utilization (in ALMs)     ; 56 / 41,910 ( < 1 % )                           ;
; Total registers                 ; 57                                              ;
; Total pins                      ; 9 / 499 ( 2 % )                                 ;
; Total virtual pins              ; 0                                               ;
; Total block memory bits         ; 0 / 5,662,720 ( 0 % )                           ;
; Total DSP Blocks                ; 0 / 112 ( 0 % )                                 ;
; Total HSSI RX PCSs              ; 0 / 9 ( 0 % )                                   ;
; Total HSSI PMA RX Deserializers ; 0 / 9 ( 0 % )                                   ;
; Total HSSI TX PCSs              ; 0 / 9 ( 0 % )                                   ;
; Total HSSI PMA TX Serializers   ; 0 / 9 ( 0 % )                                   ;
; Total PLLs                      ; 0 / 15 ( 0 % )                                  ;
; Total DLLs                      ; 0 / 4 ( 0 % )                                   ;
+---------------------------------+-------------------------------------------------+


+-----------------------------------------+
; Flow Settings                           ;
+-------------------+---------------------+
; Option            ; Setting             ;
+-------------------+---------------------+
; Start date & time ; 09/30/2020 10:55:19 ;
; Main task         ; Compilation         ;
; Revision Name     ; Entrega2_FPGA_NIOS  ;
+-------------------+---------------------+


+-----------------------------------------------------------------------------------------------------------------------------------+
; Flow Non-Default Global Settings                                                                                                  ;
+-------------------------------------+----------------------------------------+---------------+-------------------+----------------+
; Assignment Name                     ; Value                                  ; Default Value ; Entity Name       ; Section Id     ;
+-------------------------------------+----------------------------------------+---------------+-------------------+----------------+
; COMPILER_SIGNATURE_ID               ; 163580567959687.160147411904449        ; --            ; --                ; --             ;
; EDA_OUTPUT_DATA_FORMAT              ; Vhdl                                   ; --            ; --                ; eda_simulation ;
; EDA_SIMULATION_TOOL                 ; ModelSim-Altera (VHDL)                 ; <None>        ; --                ; --             ;
; EDA_TIME_SCALE                      ; 1 ps                                   ; --            ; --                ; eda_simulation ;
; MAX_CORE_JUNCTION_TEMP              ; 85                                     ; --            ; --                ; --             ;
; MIN_CORE_JUNCTION_TEMP              ; 0                                      ; --            ; --                ; --             ;
; NUM_PARALLEL_PROCESSORS             ; All                                    ; --            ; --                ; --             ;
; PARTITION_COLOR                     ; -- (Not supported for targeted family) ; --            ; Entrega1_FPGA_RTL ; Top            ;
; PARTITION_COLOR                     ; -- (Not supported for targeted family) ; --            ; --                ; Top            ;
; PARTITION_FITTER_PRESERVATION_LEVEL ; -- (Not supported for targeted family) ; --            ; Entrega1_FPGA_RTL ; Top            ;
; PARTITION_FITTER_PRESERVATION_LEVEL ; -- (Not supported for targeted family) ; --            ; --                ; Top            ;
; PARTITION_NETLIST_TYPE              ; -- (Not supported for targeted family) ; --            ; Entrega1_FPGA_RTL ; Top            ;
; PARTITION_NETLIST_TYPE              ; -- (Not supported for targeted family) ; --            ; --                ; Top            ;
; POWER_BOARD_THERMAL_MODEL           ; None (CONSERVATIVE)                    ; --            ; --                ; --             ;
; POWER_PRESET_COOLING_SOLUTION       ; 23 MM HEAT SINK WITH 200 LFPM AIRFLOW  ; --            ; --                ; --             ;
; PROJECT_OUTPUT_DIRECTORY            ; output_files                           ; --            ; --                ; --             ;
; SMART_RECOMPILE                     ; On                                     ; Off           ; --                ; --             ;
+-------------------------------------+----------------------------------------+---------------+-------------------+----------------+


+--------------------------------------------------------------------------------------------------------------------------+
; Flow Elapsed Time                                                                                                        ;
+----------------------+--------------+-------------------------+---------------------+------------------------------------+
; Module Name          ; Elapsed Time ; Average Processors Used ; Peak Virtual Memory ; Total CPU Time (on all processors) ;
+----------------------+--------------+-------------------------+---------------------+------------------------------------+
; Analysis & Synthesis ; 00:00:45     ; 1.0                     ; 1017 MB             ; 00:00:22                           ;
; Fitter               ; 00:01:31     ; 1.0                     ; 2426 MB             ; 00:00:45                           ;
; Assembler            ; 00:01:18     ; 1.0                     ; 967 MB              ; 00:00:05                           ;
; Timing Analyzer      ; 00:00:41     ; 1.1                     ; 1196 MB             ; 00:00:04                           ;
; EDA Netlist Writer   ; 00:00:39     ; 1.0                     ; 1139 MB             ; 00:00:01                           ;
; Total                ; 00:04:54     ; --                      ; --                  ; 00:01:17                           ;
+----------------------+--------------+-------------------------+---------------------+------------------------------------+


+--------------------------------------------------------------------------------------------+
; Flow OS Summary                                                                            ;
+----------------------+----------------------+----------------+------------+----------------+
; Module Name          ; Machine Hostname     ; OS Name        ; OS Version ; Processor type ;
+----------------------+----------------------+----------------+------------+----------------+
; Analysis & Synthesis ; labarqcomp-NUC8i5BEK ; Ubuntu 18.04.5 ; 18         ; x86_64         ;
; Fitter               ; labarqcomp-NUC8i5BEK ; Ubuntu 18.04.5 ; 18         ; x86_64         ;
; Assembler            ; labarqcomp-NUC8i5BEK ; Ubuntu 18.04.5 ; 18         ; x86_64         ;
; Timing Analyzer      ; labarqcomp-NUC8i5BEK ; Ubuntu 18.04.5 ; 18         ; x86_64         ;
; EDA Netlist Writer   ; labarqcomp-NUC8i5BEK ; Ubuntu 18.04.5 ; 18         ; x86_64         ;
+----------------------+----------------------+----------------+------------+----------------+


------------
; Flow Log ;
------------
quartus_map --read_settings_files=on --write_settings_files=off Entrega2_FPGA_NIOS -c Entrega2_FPGA_NIOS
quartus_fit --read_settings_files=off --write_settings_files=off Entrega2_FPGA_NIOS -c Entrega2_FPGA_NIOS
quartus_asm --read_settings_files=off --write_settings_files=off Entrega2_FPGA_NIOS -c Entrega2_FPGA_NIOS
quartus_sta Entrega2_FPGA_NIOS -c Entrega2_FPGA_NIOS
quartus_eda --read_settings_files=off --write_settings_files=off Entrega2_FPGA_NIOS -c Entrega2_FPGA_NIOS



